2021-10-16 23:34:11,176:INFO:PyCaret Supervised Module
2021-10-16 23:34:11,176:INFO:ML Usecase: regression
2021-10-16 23:34:11,177:INFO:version 2.3.4
2021-10-16 23:34:11,177:INFO:Initializing setup()
2021-10-16 23:34:11,177:INFO:setup(target=charges, ml_usecase=regression, available_plots={'parameter': 'Hyperparameters', 'residuals': 'Residuals', 'error': 'Prediction Error', 'cooks': 'Cooks Distance', 'rfe': 'Feature Selection', 'learning': 'Learning Curve', 'manifold': 'Manifold Learning', 'vc': 'Validation Curve', 'feature': 'Feature Importance', 'feature_all': 'Feature Importance (All)', 'tree': 'Decision Tree', 'residuals_interactive': 'Interactive Residuals'}, train_size=0.7, test_data=None, preprocess=True, imputation_type=simple, iterative_imputation_iters=5, categorical_features=None, categorical_imputation=constant, categorical_iterative_imputer=lightgbm, ordinal_features=None, high_cardinality_features=None, high_cardinality_method=frequency, numeric_features=None, numeric_imputation=mean, numeric_iterative_imputer=lightgbm, date_features=None, ignore_features=None, normalize=True, normalize_method=zscore, transformation=False, transformation_method=yeo-johnson, handle_unknown_categorical=True, unknown_categorical_method=least_frequent, pca=False, pca_method=linear, pca_components=None, ignore_low_variance=False, combine_rare_levels=False, rare_level_threshold=0.1, bin_numeric_features=['age', 'bmi'], remove_outliers=False, outliers_threshold=0.05, remove_multicollinearity=False, multicollinearity_threshold=0.9, remove_perfect_collinearity=True, create_clusters=False, cluster_iter=20, polynomial_features=True, polynomial_degree=2, trigonometry_features=True, polynomial_threshold=0.1, group_features=None, group_names=None, feature_selection=False, feature_selection_threshold=0.8, feature_selection_method=classic, feature_interaction=True, feature_ratio=False, interaction_threshold=0.01, fix_imbalance=False, fix_imbalance_method=None, transform_target=False, transform_target_method=box-cox, data_split_shuffle=True, data_split_stratify=False, fold_strategy=kfold, fold=10, fold_shuffle=False, fold_groups=None, n_jobs=-1, use_gpu=False, custom_pipeline=None, html=False, session_id=123, log_experiment=False, experiment_name=None, log_plots=False, log_profile=False, log_data=False, silent=False, verbose=True, profile=False, profile_kwargs=None, display=None)
2021-10-16 23:34:11,177:INFO:Checking environment
2021-10-16 23:34:11,177:INFO:python_version: 3.7.7
2021-10-16 23:34:11,178:INFO:python_build: ('default', 'May  7 2020 21:25:33')
2021-10-16 23:34:11,178:INFO:machine: x86_64
2021-10-16 23:34:11,180:INFO:platform: Linux-4.15.0-88-generic-x86_64-with-debian-buster-sid
2021-10-16 23:34:11,181:INFO:Memory: svmem(total=3926208512, available=1326796800, percent=66.2, used=2093633536, free=136916992, active=2049884160, inactive=1427496960, buffers=104779776, cached=1590878208, shared=265015296, slab=198275072)
2021-10-16 23:34:11,184:INFO:Physical Core: 2
2021-10-16 23:34:11,184:INFO:Logical Core: 4
2021-10-16 23:34:11,184:INFO:Checking libraries
2021-10-16 23:34:11,184:INFO:pd==1.2.4
2021-10-16 23:34:11,184:INFO:numpy==1.19.5
2021-10-16 23:34:11,185:INFO:sklearn==0.23.2
2021-10-16 23:34:11,185:INFO:lightgbm==3.3.0
2021-10-16 23:34:11,185:WARNING:catboost not found
2021-10-16 23:34:11,186:WARNING:xgboost not found
2021-10-16 23:34:11,843:INFO:mlflow==1.19.0
2021-10-16 23:34:11,844:INFO:Checking Exceptions
2021-10-16 23:34:11,849:INFO:Declaring global variables
2021-10-16 23:34:11,849:INFO:USI: cc38
2021-10-16 23:34:11,849:INFO:pycaret_globals: {'fix_imbalance_method_param', 'master_model_container', 'fix_imbalance_param', 'USI', 'y_test', 'X_test', 'fold_generator', 'X_train', 'X', 'target_param', 'stratify_param', 'seed', 'transform_target_method_param', '_all_metrics', '_ml_usecase', 'exp_name_log', 'fold_param', 'experiment__', 'display_container', '_available_plots', 'html_param', 'data_before_preprocess', 'fold_groups_param', 'fold_shuffle_param', 'y', 'imputation_classifier', '_all_models', '_gpu_n_jobs_param', 'imputation_regressor', 'logging_param', 'pycaret_globals', 'transform_target_param', 'n_jobs_param', 'iterative_imputation_iters_param', 'prep_pipe', '_all_models_internal', 'fold_groups_param_full', 'create_model_container', 'y_train', 'log_plots_param', '_internal_pipeline', 'gpu_param'}
2021-10-16 23:34:11,849:INFO:Preparing display monitor
2021-10-16 23:34:11,850:INFO:Preparing display monitor
2021-10-16 23:34:11,850:INFO:Importing libraries
2021-10-16 23:34:11,850:INFO:Copying data for preprocessing
2021-10-16 23:34:11,851:INFO:Declaring preprocessing parameters
2021-10-16 23:34:11,858:INFO:Creating preprocessing pipeline
2021-10-16 23:34:11,873:INFO:Preprocessing pipeline created successfully
2021-10-16 23:34:11,873:ERROR:(Process Exit): setup has been interupted with user command 'quit'. setup must rerun.
2021-10-16 23:34:11,873:INFO:Creating global containers
2021-10-16 23:34:11,875:INFO:Internal pipeline: Pipeline(memory=None, steps=[('empty_step', 'passthrough')], verbose=False)
2021-10-16 23:34:23,563:WARNING:Couldn't import xgboost.XGBRegressor
2021-10-16 23:34:23,564:WARNING:Couldn't import catboost.CatBoostRegressor
2021-10-16 23:34:23,920:WARNING:Couldn't import xgboost.XGBRegressor
2021-10-16 23:34:23,921:WARNING:Couldn't import catboost.CatBoostRegressor
2021-10-16 23:34:23,922:INFO:Creating grid variables
2021-10-16 23:34:23,947:INFO:create_model_container: 0
2021-10-16 23:34:23,948:INFO:master_model_container: 0
2021-10-16 23:34:23,948:INFO:display_container: 1
2021-10-16 23:34:23,972:INFO:Pipeline(memory=None,
         steps=[('dtypes',
                 DataTypes_Auto_infer(categorical_features=[],
                                      display_types=True, features_todrop=[],
                                      id_columns=[], ml_usecase='regression',
                                      numerical_features=[], target='charges',
                                      time_features=[])),
                ('imputer',
                 Simple_Imputer(categorical_strategy='not_available',
                                fill_value_categorical=None,
                                fill_value_numerical=None,
                                numeric_strategy...
                ('dummy', Dummify(target='charges')),
                ('fix_perfect', Remove_100(target='charges')),
                ('clean_names', Clean_Colum_Names()),
                ('feature_select', 'passthrough'), ('fix_multi', 'passthrough'),
                ('dfs',
                 DFS_Classic(interactions=['multiply'], ml_usecase='regression',
                             n_jobs=-1, random_state=123, subclass='binary',
                             target='charges',
                             top_features_to_pick_percentage=None)),
                ('pca', 'passthrough')],
         verbose=False)
2021-10-16 23:34:23,972:INFO:setup() succesfully completed......................................
2021-10-16 23:35:16,611:INFO:Initializing create_model()
2021-10-16 23:35:16,612:INFO:create_model(estimator=lr, fold=None, round=4, cross_validation=True, predict=True, fit_kwargs=None, groups=None, refit=True, verbose=True, system=True, metrics=None, add_to_model_list=True, display=None, kwargs={})
2021-10-16 23:35:16,612:INFO:Checking exceptions
2021-10-16 23:35:16,612:INFO:Preparing display monitor
2021-10-16 23:35:16,619:INFO:Importing libraries
2021-10-16 23:35:16,619:INFO:Copying training dataset
2021-10-16 23:35:16,620:INFO:Defining folds
2021-10-16 23:35:16,620:INFO:Declaring metric variables
2021-10-16 23:35:16,620:INFO:Importing untrained model
2021-10-16 23:35:16,621:INFO:Linear Regression Imported succesfully
2021-10-16 23:35:16,621:INFO:Starting cross validation
2021-10-16 23:35:16,629:INFO:Cross validating with KFold(n_splits=10, random_state=None, shuffle=False), n_jobs=-1
2021-10-16 23:35:21,149:INFO:Calculating mean and std
2021-10-16 23:35:21,150:INFO:Creating metrics dataframe
2021-10-16 23:35:21,160:INFO:Finalizing model
2021-10-16 23:35:21,173:INFO:Uploading results into container
2021-10-16 23:35:21,173:INFO:Uploading model into container now
2021-10-16 23:35:21,214:INFO:create_model_container: 1
2021-10-16 23:35:21,214:INFO:master_model_container: 1
2021-10-16 23:35:21,214:INFO:display_container: 2
2021-10-16 23:35:21,214:INFO:LinearRegression(copy_X=True, fit_intercept=True, n_jobs=-1, normalize=False)
2021-10-16 23:35:21,215:INFO:create_model() succesfully completed......................................
2021-10-16 23:35:27,251:INFO:Initializing save_model()
2021-10-16 23:35:27,252:INFO:save_model(model=LinearRegression(copy_X=True, fit_intercept=True, n_jobs=-1, normalize=False), model_name=deployment_20211015, prep_pipe_=Pipeline(memory=None,
         steps=[('dtypes',
                 DataTypes_Auto_infer(categorical_features=[],
                                      display_types=True, features_todrop=[],
                                      id_columns=[], ml_usecase='regression',
                                      numerical_features=[], target='charges',
                                      time_features=[])),
                ('imputer',
                 Simple_Imputer(categorical_strategy='not_available',
                                fill_value_categorical=None,
                                fill_value_numerical=None,
                                numeric_strategy...
                ('dummy', Dummify(target='charges')),
                ('fix_perfect', Remove_100(target='charges')),
                ('clean_names', Clean_Colum_Names()),
                ('feature_select', 'passthrough'), ('fix_multi', 'passthrough'),
                ('dfs',
                 DFS_Classic(interactions=['multiply'], ml_usecase='regression',
                             n_jobs=-1, random_state=123, subclass='binary',
                             target='charges',
                             top_features_to_pick_percentage=None)),
                ('pca', 'passthrough')],
         verbose=False), verbose=True, kwargs={})
2021-10-16 23:35:27,252:INFO:Adding model into prep_pipe
2021-10-16 23:35:27,300:INFO:deployment_20211015.pkl saved in current working directory
2021-10-16 23:35:27,322:INFO:Pipeline(memory=None,
         steps=[('dtypes',
                 DataTypes_Auto_infer(categorical_features=[],
                                      display_types=True, features_todrop=[],
                                      id_columns=[], ml_usecase='regression',
                                      numerical_features=[], target='charges',
                                      time_features=[])),
                ('imputer',
                 Simple_Imputer(categorical_strategy='not_available',
                                fill_value_categorical=None,
                                fill_value_numerical=None,
                                numeric_strategy...
                ('feature_select', 'passthrough'), ('fix_multi', 'passthrough'),
                ('dfs',
                 DFS_Classic(interactions=['multiply'], ml_usecase='regression',
                             n_jobs=-1, random_state=123, subclass='binary',
                             target='charges',
                             top_features_to_pick_percentage=None)),
                ('pca', 'passthrough'),
                ['trained_model',
                 LinearRegression(copy_X=True, fit_intercept=True, n_jobs=-1,
                                  normalize=False)]],
         verbose=False)
2021-10-16 23:35:27,323:INFO:save_model() successfully completed......................................
2021-10-16 23:45:14,036:INFO:Initializing load_model()
2021-10-16 23:45:14,037:INFO:load_model(model_name=deployment_20211015, platform=None, authentication=None, verbose=True)
2021-10-16 23:47:44,175:INFO:Initializing load_model()
2021-10-16 23:47:44,176:INFO:load_model(model_name=deployment_20211015, platform=None, authentication=None, verbose=True)
2021-10-16 23:49:46,126:INFO:Initializing load_model()
2021-10-16 23:49:46,126:INFO:load_model(model_name=deployment_20211015, platform=None, authentication=None, verbose=True)
2021-10-16 23:49:54,027:INFO:Initializing load_model()
2021-10-16 23:49:54,028:INFO:load_model(model_name=deployment_20211015, platform=None, authentication=None, verbose=True)
2021-10-16 23:49:56,039:INFO:Initializing load_model()
2021-10-16 23:49:56,040:INFO:load_model(model_name=deployment_20211015, platform=None, authentication=None, verbose=True)
2021-10-16 23:49:56,172:INFO:Initializing predict_model()
2021-10-16 23:49:56,173:INFO:predict_model(estimator=Pipeline(steps=[('dtypes',
                 DataTypes_Auto_infer(ml_usecase='regression',
                                      target='charges')),
                ('imputer',
                 Simple_Imputer(categorical_strategy='not_available',
                                fill_value_categorical=None,
                                fill_value_numerical=None,
                                numeric_strategy='mean',
                                target_variable=None)),
                ('new_levels1',
                 New_Catagorical_Levels_in_TestData(replacement_strategy='least '
                                                                         'frequent',
                                                    target=...
                ('fix_perfect', Remove_100(target='charges')),
                ('clean_names', Clean_Colum_Names()),
                ('feature_select', 'passthrough'), ('fix_multi', 'passthrough'),
                ('dfs',
                 DFS_Classic(interactions=['multiply'], ml_usecase='regression',
                             n_jobs=-1, random_state=123, subclass='binary',
                             target='charges',
                             top_features_to_pick_percentage=None)),
                ('pca', 'passthrough'),
                ['trained_model', LinearRegression(n_jobs=-1)]]), probability_threshold=None, encoded_labels=True, raw_score=False, round=4, verbose=True, ml_usecase=MLUsecase.REGRESSION, display=None)
2021-10-16 23:49:56,174:INFO:Checking exceptions
2021-10-16 23:49:56,174:INFO:Preloading libraries
2021-10-17 14:19:58,880:INFO:Initializing load_model()
2021-10-17 14:19:58,883:INFO:load_model(model_name=deployment_20211015, platform=None, authentication=None, verbose=True)
2021-10-17 14:20:15,806:INFO:Initializing load_model()
2021-10-17 14:20:15,807:INFO:load_model(model_name=deployment_20211015, platform=None, authentication=None, verbose=True)
2021-10-17 14:20:16,639:INFO:Initializing load_model()
2021-10-17 14:20:16,640:INFO:load_model(model_name=deployment_20211015, platform=None, authentication=None, verbose=True)
2021-10-17 14:20:21,006:INFO:Initializing load_model()
2021-10-17 14:20:21,007:INFO:load_model(model_name=deployment_20211015, platform=None, authentication=None, verbose=True)
2021-10-17 14:20:23,445:INFO:Initializing load_model()
2021-10-17 14:20:23,446:INFO:load_model(model_name=deployment_20211015, platform=None, authentication=None, verbose=True)
2021-10-17 14:20:28,128:INFO:Initializing load_model()
2021-10-17 14:20:28,132:INFO:load_model(model_name=deployment_20211015, platform=None, authentication=None, verbose=True)
2021-10-17 14:20:29,861:INFO:Initializing load_model()
2021-10-17 14:20:29,862:INFO:load_model(model_name=deployment_20211015, platform=None, authentication=None, verbose=True)
2021-10-17 14:20:34,465:INFO:Initializing load_model()
2021-10-17 14:20:34,466:INFO:load_model(model_name=deployment_20211015, platform=None, authentication=None, verbose=True)
2021-10-17 14:20:36,984:INFO:Initializing load_model()
2021-10-17 14:20:36,985:INFO:load_model(model_name=deployment_20211015, platform=None, authentication=None, verbose=True)
2021-10-17 14:20:37,091:INFO:Initializing predict_model()
2021-10-17 14:20:37,092:INFO:predict_model(estimator=Pipeline(steps=[('dtypes',
                 DataTypes_Auto_infer(ml_usecase='regression',
                                      target='charges')),
                ('imputer',
                 Simple_Imputer(categorical_strategy='not_available',
                                fill_value_categorical=None,
                                fill_value_numerical=None,
                                numeric_strategy='mean',
                                target_variable=None)),
                ('new_levels1',
                 New_Catagorical_Levels_in_TestData(replacement_strategy='least '
                                                                         'frequent',
                                                    target=...
                ('fix_perfect', Remove_100(target='charges')),
                ('clean_names', Clean_Colum_Names()),
                ('feature_select', 'passthrough'), ('fix_multi', 'passthrough'),
                ('dfs',
                 DFS_Classic(interactions=['multiply'], ml_usecase='regression',
                             n_jobs=-1, random_state=123, subclass='binary',
                             target='charges',
                             top_features_to_pick_percentage=None)),
                ('pca', 'passthrough'),
                ['trained_model', LinearRegression(n_jobs=-1)]]), probability_threshold=None, encoded_labels=True, raw_score=False, round=4, verbose=True, ml_usecase=MLUsecase.REGRESSION, display=None)
2021-10-17 14:20:37,093:INFO:Checking exceptions
2021-10-17 14:20:37,094:INFO:Preloading libraries
2021-10-17 14:21:59,079:INFO:Initializing load_model()
2021-10-17 14:21:59,082:INFO:load_model(model_name=deployment_20211015, platform=None, authentication=None, verbose=True)
2021-10-17 14:22:22,307:INFO:Initializing load_model()
2021-10-17 14:22:22,308:INFO:load_model(model_name=deployment_20211015, platform=None, authentication=None, verbose=True)
2021-10-17 14:22:48,636:INFO:Initializing load_model()
2021-10-17 14:22:48,640:INFO:load_model(model_name=deployment_20211015, platform=None, authentication=None, verbose=True)
2021-10-17 14:23:23,142:INFO:Initializing load_model()
2021-10-17 14:23:23,143:INFO:load_model(model_name=deployment_20211015, platform=None, authentication=None, verbose=True)
2021-10-17 14:23:28,511:INFO:Initializing load_model()
2021-10-17 14:23:28,512:INFO:load_model(model_name=deployment_20211015, platform=None, authentication=None, verbose=True)
2021-10-17 14:23:28,632:INFO:Initializing predict_model()
2021-10-17 14:23:28,634:INFO:predict_model(estimator=Pipeline(steps=[('dtypes',
                 DataTypes_Auto_infer(ml_usecase='regression',
                                      target='charges')),
                ('imputer',
                 Simple_Imputer(categorical_strategy='not_available',
                                fill_value_categorical=None,
                                fill_value_numerical=None,
                                numeric_strategy='mean',
                                target_variable=None)),
                ('new_levels1',
                 New_Catagorical_Levels_in_TestData(replacement_strategy='least '
                                                                         'frequent',
                                                    target=...
                ('fix_perfect', Remove_100(target='charges')),
                ('clean_names', Clean_Colum_Names()),
                ('feature_select', 'passthrough'), ('fix_multi', 'passthrough'),
                ('dfs',
                 DFS_Classic(interactions=['multiply'], ml_usecase='regression',
                             n_jobs=-1, random_state=123, subclass='binary',
                             target='charges',
                             top_features_to_pick_percentage=None)),
                ('pca', 'passthrough'),
                ['trained_model', LinearRegression(n_jobs=-1)]]), probability_threshold=None, encoded_labels=True, raw_score=False, round=4, verbose=True, ml_usecase=MLUsecase.REGRESSION, display=None)
2021-10-17 14:23:28,634:INFO:Checking exceptions
2021-10-17 14:23:28,634:INFO:Preloading libraries
2021-10-17 14:24:16,162:INFO:Initializing load_model()
2021-10-17 14:24:16,167:INFO:load_model(model_name=deployment_20211015, platform=None, authentication=None, verbose=True)
2021-10-20 19:05:05,289:INFO:Initializing load_model()
2021-10-20 19:05:05,290:INFO:load_model(model_name=deployment_20211015, platform=None, authentication=None, verbose=True)
2021-10-20 19:07:29,577:INFO:Initializing load_model()
2021-10-20 19:07:29,577:INFO:load_model(model_name=deployment_20211015, platform=None, authentication=None, verbose=True)
2021-10-20 19:12:06,475:INFO:Initializing load_model()
2021-10-20 19:12:06,477:INFO:load_model(model_name=deployment_20211015, platform=None, authentication=None, verbose=True)
